# JRE version: OpenJDK Runtime Environment (11.0.12+7) (build 11.0.12+7-b1504.28-7817840)
# Java VM: OpenJDK 64-Bit Server VM (11.0.12+7-b1504.28-7817840, mixed mode, tiered, compressed oops, g1 gc, windows-amd64)
Heap:
 garbage-first heap   total 303104K, used 244612K [0x00000006c0000000, 0x0000000800000000)
  region size 1024K, 112 young (114688K), 9 survivors (9216K)
 Metaspace       used 110974K, capacity 114159K, committed 114480K, reserved 1148928K
  class space    used 13247K, capacity 14386K, committed 14464K, reserved 1048576K
GC Heap History (20 events):
Event: 1071.641 GC heap before
{Heap before GC invocations=35 (full 0):
 garbage-first heap   total 303104K, used 256066K [0x00000006c0000000, 0x0000000800000000)
  region size 1024K, 138 young (141312K), 2 survivors (2048K)
 Metaspace       used 92708K, capacity 95121K, committed 95408K, reserved 1132544K
  class space    used 11188K, capacity 11991K, committed 12032K, reserved 1048576K
}
Event: 1071.641 GC heap after
{Heap after GC invocations=36 (full 0):
 garbage-first heap   total 303104K, used 115778K [0x00000006c0000000, 0x0000000800000000)
  region size 1024K, 1 young (1024K), 1 survivors (1024K)
 Metaspace       used 92708K, capacity 95121K, committed 95408K, reserved 1132544K
  class space    used 11188K, capacity 11991K, committed 12032K, reserved 1048576K
}
Event: 1078.169 GC heap before
{Heap before GC invocations=36 (full 0):
 garbage-first heap   total 303104K, used 258114K [0x00000006c0000000, 0x0000000800000000)
  region size 1024K, 140 young (143360K), 1 survivors (1024K)
 Metaspace       used 92708K, capacity 95121K, committed 95408K, reserved 1132544K
  class space    used 11188K, capacity 11991K, committed 12032K, reserved 1048576K
}
Event: 1078.170 GC heap after
{Heap after GC invocations=37 (full 0):
 garbage-first heap   total 303104K, used 115360K [0x00000006c0000000, 0x0000000800000000)
  region size 1024K, 1 young (1024K), 1 survivors (1024K)
 Metaspace       used 92708K, capacity 95121K, committed 95408K, reserved 1132544K
  class space    used 11188K, capacity 11991K, committed 12032K, reserved 1048576K
}
Event: 1084.416 GC heap before
{Heap before GC invocations=37 (full 0):
 garbage-first heap   total 303104K, used 259744K [0x00000006c0000000, 0x0000000800000000)
  region size 1024K, 143 young (146432K), 1 survivors (1024K)
 Metaspace       used 95873K, capacity 98363K, committed 98736K, reserved 1136640K
  class space    used 11554K, capacity 12425K, committed 12544K, reserved 1048576K
}
Event: 1084.419 GC heap after
{Heap after GC invocations=38 (full 0):
 garbage-first heap   total 303104K, used 118282K [0x00000006c0000000, 0x0000000800000000)
  region size 1024K, 4 young (4096K), 4 survivors (4096K)
 Metaspace       used 95873K, capacity 98363K, committed 98736K, reserved 1136640K
  class space    used 11554K, capacity 12425K, committed 12544K, reserved 1048576K
}
Event: 1085.264 GC heap before
{Heap before GC invocations=38 (full 0):
 garbage-first heap   total 303104K, used 196106K [0x00000006c0000000, 0x0000000800000000)
  region size 1024K, 81 young (82944K), 4 survivors (4096K)
 Metaspace       used 97816K, capacity 100572K, committed 100656K, reserved 1136640K
  class space    used 11858K, capacity 12869K, committed 12928K, reserved 1048576K
}
Event: 1085.268 GC heap after
{Heap after GC invocations=39 (full 0):
 garbage-first heap   total 303104K, used 120394K [0x00000006c0000000, 0x0000000800000000)
  region size 1024K, 6 young (6144K), 6 survivors (6144K)
 Metaspace       used 97816K, capacity 100572K, committed 100656K, reserved 1136640K
  class space    used 11858K, capacity 12869K, committed 12928K, reserved 1048576K
}
Event: 1087.723 GC heap before
{Heap before GC invocations=40 (full 0):
 garbage-first heap   total 303104K, used 262730K [0x00000006c0000000, 0x0000000800000000)
  region size 1024K, 143 young (146432K), 6 survivors (6144K)
 Metaspace       used 99123K, capacity 101756K, committed 102064K, reserved 1138688K
  class space    used 11960K, capacity 12932K, committed 13056K, reserved 1048576K
}
Event: 1087.729 GC heap after
{Heap after GC invocations=41 (full 0):
 garbage-first heap   total 303104K, used 127443K [0x00000006c0000000, 0x0000000800000000)
  region size 1024K, 10 young (10240K), 10 survivors (10240K)
 Metaspace       used 99123K, capacity 101756K, committed 102064K, reserved 1138688K
  class space    used 11960K, capacity 12932K, committed 13056K, reserved 1048576K
}
Event: 1087.744 GC heap before
{Heap before GC invocations=41 (full 0):
 garbage-first heap   total 303104K, used 131539K [0x00000006c0000000, 0x0000000800000000)
  region size 1024K, 14 young (14336K), 10 survivors (10240K)
 Metaspace       used 99123K, capacity 101756K, committed 102064K, reserved 1138688K
  class space    used 11960K, capacity 12932K, committed 13056K, reserved 1048576K
}
Event: 1087.749 GC heap after
{Heap after GC invocations=42 (full 0):
 garbage-first heap   total 303104K, used 124168K [0x00000006c0000000, 0x0000000800000000)
  region size 1024K, 2 young (2048K), 2 survivors (2048K)
 Metaspace       used 99123K, capacity 101756K, committed 102064K, reserved 1138688K
  class space    used 11960K, capacity 12932K, committed 13056K, reserved 1048576K
}
Event: 1089.476 GC heap before
{Heap before GC invocations=42 (full 0):
 garbage-first heap   total 303104K, used 257288K [0x00000006c0000000, 0x0000000800000000)
  region size 1024K, 132 young (135168K), 2 survivors (2048K)
 Metaspace       used 100101K, capacity 102803K, committed 102960K, reserved 1138688K
  class space    used 12079K, capacity 13064K, committed 13184K, reserved 1048576K
}
Event: 1089.479 GC heap after
{Heap after GC invocations=43 (full 0):
 garbage-first heap   total 303104K, used 122392K [0x00000006c0000000, 0x0000000800000000)
  region size 1024K, 2 young (2048K), 2 survivors (2048K)
 Metaspace       used 100101K, capacity 102803K, committed 102960K, reserved 1138688K
  class space    used 12079K, capacity 13064K, committed 13184K, reserved 1048576K
}
Event: 2210.203 GC heap before
{Heap before GC invocations=43 (full 0):
 garbage-first heap   total 303104K, used 258584K [0x00000006c0000000, 0x0000000800000000)
  region size 1024K, 137 young (140288K), 2 survivors (2048K)
 Metaspace       used 107272K, capacity 110290K, committed 110384K, reserved 1146880K
  class space    used 12858K, capacity 13950K, committed 13952K, reserved 1048576K
}
Event: 2210.211 GC heap after
{Heap after GC invocations=44 (full 0):
 garbage-first heap   total 303104K, used 130900K [0x00000006c0000000, 0x0000000800000000)
  region size 1024K, 10 young (10240K), 10 survivors (10240K)
 Metaspace       used 107272K, capacity 110290K, committed 110384K, reserved 1146880K
  class space    used 12858K, capacity 13950K, committed 13952K, reserved 1048576K
}
Event: 2212.338 GC heap before
{Heap before GC invocations=44 (full 0):
 garbage-first heap   total 303104K, used 254804K [0x00000006c0000000, 0x0000000800000000)
  region size 1024K, 132 young (135168K), 10 survivors (10240K)
 Metaspace       used 109223K, capacity 112280K, committed 112432K, reserved 1146880K
  class space    used 13070K, capacity 14171K, committed 14208K, reserved 1048576K
}
Event: 2212.347 GC heap after
{Heap after GC invocations=45 (full 0):
 garbage-first heap   total 303104K, used 137425K [0x00000006c0000000, 0x0000000800000000)
  region size 1024K, 15 young (15360K), 15 survivors (15360K)
 Metaspace       used 109223K, capacity 112280K, committed 112432K, reserved 1146880K
  class space    used 13070K, capacity 14171K, committed 14208K, reserved 1048576K
}
Event: 2213.637 GC heap before
{Heap before GC invocations=45 (full 0):
 garbage-first heap   total 303104K, used 267473K [0x00000006c0000000, 0x0000000800000000)
  region size 1024K, 131 young (134144K), 15 survivors (15360K)
 Metaspace       used 110965K, capacity 114157K, committed 114480K, reserved 1148928K
  class space    used 13246K, capacity 14386K, committed 14464K, reserved 1048576K
}
Event: 2213.647 GC heap after
{Heap after GC invocations=46 (full 0):
 garbage-first heap   total 303104K, used 141188K [0x00000006c0000000, 0x0000000800000000)
  region size 1024K, 9 young (9216K), 9 survivors (9216K)
 Metaspace       used 110965K, capacity 114157K, committed 114480K, reserved 1148928K
  class space    used 13246K, capacity 14386K, committed 14464K, reserved 1048576K
}

