# JRE version: OpenJDK Runtime Environment (11.0.12+7) (build 11.0.12+7-b1504.28-7817840)
# Java VM: OpenJDK 64-Bit Server VM (11.0.12+7-b1504.28-7817840, mixed mode, tiered, compressed oops, g1 gc, windows-amd64)
Heap:
 garbage-first heap   total 526336K, used 213455K [0x00000006c0000000, 0x0000000800000000)
  region size 1024K, 58 young (59392K), 16 survivors (16384K)
 Metaspace       used 90042K, capacity 93244K, committed 93360K, reserved 1130496K
  class space    used 11814K, capacity 12993K, committed 13056K, reserved 1048576K
GC Heap History (20 events):
Event: 9.194 GC heap before
{Heap before GC invocations=11 (full 0):
 garbage-first heap   total 303104K, used 227893K [0x00000006c0000000, 0x0000000800000000)
  region size 1024K, 169 young (173056K), 21 survivors (21504K)
 Metaspace       used 79558K, capacity 82459K, committed 82736K, reserved 1120256K
  class space    used 10531K, capacity 11589K, committed 11648K, reserved 1048576K
}
Event: 9.223 GC heap after
{Heap after GC invocations=12 (full 0):
 garbage-first heap   total 303104K, used 102191K [0x00000006c0000000, 0x0000000800000000)
  region size 1024K, 22 young (22528K), 22 survivors (22528K)
 Metaspace       used 79558K, capacity 82459K, committed 82736K, reserved 1120256K
  class space    used 10531K, capacity 11589K, committed 11648K, reserved 1048576K
}
Event: 9.678 GC heap before
{Heap before GC invocations=12 (full 0):
 garbage-first heap   total 303104K, used 228143K [0x00000006c0000000, 0x0000000800000000)
  region size 1024K, 146 young (149504K), 22 survivors (22528K)
 Metaspace       used 83357K, capacity 86402K, committed 86576K, reserved 1124352K
  class space    used 11023K, capacity 12124K, committed 12160K, reserved 1048576K
}
Event: 9.709 GC heap after
{Heap after GC invocations=13 (full 0):
 garbage-first heap   total 364544K, used 118982K [0x00000006c0000000, 0x0000000800000000)
  region size 1024K, 19 young (19456K), 19 survivors (19456K)
 Metaspace       used 83357K, capacity 86402K, committed 86576K, reserved 1124352K
  class space    used 11023K, capacity 12124K, committed 12160K, reserved 1048576K
}
Event: 10.090 GC heap before
{Heap before GC invocations=13 (full 0):
 garbage-first heap   total 364544K, used 261318K [0x00000006c0000000, 0x0000000800000000)
  region size 1024K, 158 young (161792K), 19 survivors (19456K)
 Metaspace       used 84991K, capacity 87984K, committed 88112K, reserved 1124352K
  class space    used 11211K, capacity 12305K, committed 12416K, reserved 1048576K
}
Event: 10.108 GC heap after
{Heap after GC invocations=14 (full 0):
 garbage-first heap   total 364544K, used 129876K [0x00000006c0000000, 0x0000000800000000)
  region size 1024K, 11 young (11264K), 11 survivors (11264K)
 Metaspace       used 84991K, capacity 87984K, committed 88112K, reserved 1124352K
  class space    used 11211K, capacity 12305K, committed 12416K, reserved 1048576K
}
Event: 10.325 GC heap before
{Heap before GC invocations=14 (full 0):
 garbage-first heap   total 364544K, used 274260K [0x00000006c0000000, 0x0000000800000000)
  region size 1024K, 150 young (153600K), 11 survivors (11264K)
 Metaspace       used 85946K, capacity 88971K, committed 89264K, reserved 1126400K
  class space    used 11335K, capacity 12440K, committed 12544K, reserved 1048576K
}
Event: 10.344 GC heap after
{Heap after GC invocations=15 (full 0):
 garbage-first heap   total 364544K, used 145587K [0x00000006c0000000, 0x0000000800000000)
  region size 1024K, 13 young (13312K), 13 survivors (13312K)
 Metaspace       used 85946K, capacity 88971K, committed 89264K, reserved 1126400K
  class space    used 11335K, capacity 12440K, committed 12544K, reserved 1048576K
}
Event: 10.590 GC heap before
{Heap before GC invocations=15 (full 0):
 garbage-first heap   total 364544K, used 281779K [0x00000006c0000000, 0x0000000800000000)
  region size 1024K, 147 young (150528K), 13 survivors (13312K)
 Metaspace       used 86423K, capacity 89442K, committed 89520K, reserved 1126400K
  class space    used 11386K, capacity 12485K, committed 12544K, reserved 1048576K
}
Event: 10.607 GC heap after
{Heap after GC invocations=16 (full 0):
 garbage-first heap   total 364544K, used 152245K [0x00000006c0000000, 0x0000000800000000)
  region size 1024K, 9 young (9216K), 9 survivors (9216K)
 Metaspace       used 86423K, capacity 89442K, committed 89520K, reserved 1126400K
  class space    used 11386K, capacity 12485K, committed 12544K, reserved 1048576K
}
Event: 10.945 GC heap before
{Heap before GC invocations=16 (full 0):
 garbage-first heap   total 364544K, used 287413K [0x00000006c0000000, 0x0000000800000000)
  region size 1024K, 142 young (145408K), 9 survivors (9216K)
 Metaspace       used 88007K, capacity 91150K, committed 91312K, reserved 1128448K
  class space    used 11582K, capacity 12693K, committed 12800K, reserved 1048576K
}
Event: 10.963 GC heap after
{Heap after GC invocations=17 (full 0):
 garbage-first heap   total 438272K, used 156887K [0x00000006c0000000, 0x0000000800000000)
  region size 1024K, 14 young (14336K), 14 survivors (14336K)
 Metaspace       used 88007K, capacity 91150K, committed 91312K, reserved 1128448K
  class space    used 11582K, capacity 12693K, committed 12800K, reserved 1048576K
}
Event: 11.284 GC heap before
{Heap before GC invocations=17 (full 0):
 garbage-first heap   total 438272K, used 336087K [0x00000006c0000000, 0x0000000800000000)
  region size 1024K, 189 young (193536K), 14 survivors (14336K)
 Metaspace       used 88441K, capacity 91602K, committed 91824K, reserved 1128448K
  class space    used 11615K, capacity 12776K, committed 12800K, reserved 1048576K
}
Event: 11.297 GC heap after
{Heap after GC invocations=18 (full 0):
 garbage-first heap   total 438272K, used 160538K [0x00000006c0000000, 0x0000000800000000)
  region size 1024K, 10 young (10240K), 10 survivors (10240K)
 Metaspace       used 88441K, capacity 91602K, committed 91824K, reserved 1128448K
  class space    used 11615K, capacity 12776K, committed 12800K, reserved 1048576K
}
Event: 11.816 GC heap before
{Heap before GC invocations=18 (full 0):
 garbage-first heap   total 438272K, used 351002K [0x00000006c0000000, 0x0000000800000000)
  region size 1024K, 197 young (201728K), 10 survivors (10240K)
 Metaspace       used 89956K, capacity 93239K, committed 93360K, reserved 1130496K
  class space    used 11807K, capacity 12993K, committed 13056K, reserved 1048576K
}
Event: 11.825 GC heap after
{Heap after GC invocations=19 (full 0):
 garbage-first heap   total 438272K, used 162545K [0x00000006c0000000, 0x0000000800000000)
  region size 1024K, 12 young (12288K), 12 survivors (12288K)
 Metaspace       used 89956K, capacity 93239K, committed 93360K, reserved 1130496K
  class space    used 11807K, capacity 12993K, committed 13056K, reserved 1048576K
}
Event: 12.364 GC heap before
{Heap before GC invocations=19 (full 0):
 garbage-first heap   total 438272K, used 360177K [0x00000006c0000000, 0x0000000800000000)
  region size 1024K, 205 young (209920K), 12 survivors (12288K)
 Metaspace       used 90023K, capacity 93243K, committed 93360K, reserved 1130496K
  class space    used 11814K, capacity 12993K, committed 13056K, reserved 1048576K
}
Event: 12.374 GC heap after
{Heap after GC invocations=20 (full 0):
 garbage-first heap   total 438272K, used 166501K [0x00000006c0000000, 0x0000000800000000)
  region size 1024K, 15 young (15360K), 15 survivors (15360K)
 Metaspace       used 90023K, capacity 93243K, committed 93360K, reserved 1130496K
  class space    used 11814K, capacity 12993K, committed 13056K, reserved 1048576K
}
Event: 12.837 GC heap before
{Heap before GC invocations=20 (full 0):
 garbage-first heap   total 438272K, used 366181K [0x00000006c0000000, 0x0000000800000000)
  region size 1024K, 210 young (215040K), 15 survivors (15360K)
 Metaspace       used 90040K, capacity 93244K, committed 93360K, reserved 1130496K
  class space    used 11814K, capacity 12993K, committed 13056K, reserved 1048576K
}
Event: 12.851 GC heap after
{Heap after GC invocations=21 (full 0):
 garbage-first heap   total 526336K, used 171471K [0x00000006c0000000, 0x0000000800000000)
  region size 1024K, 16 young (16384K), 16 survivors (16384K)
 Metaspace       used 90040K, capacity 93244K, committed 93360K, reserved 1130496K
  class space    used 11814K, capacity 12993K, committed 13056K, reserved 1048576K
}

